Start testing: May 24 15:53 BST
----------------------------------------------------------
1/4 Testing: test_circuit_simulator
1/4 Test: test_circuit_simulator
Command: "/Users/mscai/Desktop/acs-gerardium-rush-pentlandite/build/tests/bin/test_circuit_simulator"
Directory: /Users/mscai/Desktop/acs-gerardium-rush-pentlandite/build/tests
"test_circuit_simulator" start time: May 24 15:53 BST
Output:
----------------------------------------------------------
Evaluate_Circuit(16, vec1, Recovery, Grade), Performance close to 167.38:
Evaluate_Circuit(16, vec1, Recovery, Grade) = 167.379
pass
Evaluate_Circuit(13, vec2, Recovery, Grade) close to 110.25:
Evaluate_Circuit(13, vec2, Recovery, Grade) = 110.25
pass
Evaluate_Circuit(31, vec3, Recovery, Grade) close to -1258.44:
Evaluate_Circuit(31, vec3, Recovery, Grade) = -1258.44
pass
Evaluate_Circuit(76, vec4, Recovery, Grade) close to 686.88:
Evaluate_Circuit(76, vec4, Recovery, Grade) = 686.885
pass
Evaluate_Circuit(301, vec5, Recovery, Grade) close to -569.92:
Evaluate_Circuit(301, vec5, Recovery, Grade) = -569.919
pass
<end of output>
Test time =   0.16 sec
----------------------------------------------------------
Test Passed.
"test_circuit_simulator" end time: May 24 15:53 BST
"test_circuit_simulator" time elapsed: 00:00:00
----------------------------------------------------------

2/4 Testing: test_genetic_algorithm
2/4 Test: test_genetic_algorithm
Command: "/Users/mscai/Desktop/acs-gerardium-rush-pentlandite/build/tests/bin/test_genetic_algorithm"
Directory: /Users/mscai/Desktop/acs-gerardium-rush-pentlandite/build/tests
"test_genetic_algorithm" start time: May 24 15:53 BST
Output:
----------------------------------------------------------
Start ga test
Check two point crossover:
pass
Check pure single point crossover:
pass
Check uniform crossover:
pass
All cross over tests passed!
Check guided mutation:
pass
Check genprog mutation:
pass
All mutation tests passed!
Check the performance after NaryTournament Selection is better:
pass
Check the performance after Rank Selection is better:
pass
Check the performance after RouletteWheel Selection is better:
pass
All selection tests passed!
Check all initialized individuals are valid:
pass
Check the initial generator contains all unit:
pass
Check the number of generated individuals:
pass
All initializ tests passed!
Check the size of elitism result:
pass
Check the performance after elitism is better:
pass
All elitism tests passed!
Check acceptance probability with various new energy:
pass
Check apply Simulated Annealing function when offspring is better:
pass
Check apply Simulated Annealing function when Temp is low:
pass
Check the temperature decrease with deltT:
pass
All SA tests passed!
Iterating { 38.8%} [########################################################################################################################################################################################################################################################################################################################################################################################################################################################@......................................................................................................................................................................................................................................................................................................................................................................................................................................................................................................................................................................................................................................................................................................................] (0.2s < 0.2s) Max Fitness: -57Iterating { 79.6%} [#######################################################################################################################################################################################################################################################################################################################################################################################################################################################################################################################################################################################################################################################################################################################################################################################################################################################################################################################################^.......................................................................................................................................................................................................................................] (0.3s < 0.1s) Max Fitness: -57Iterating {100.0%} [###############################################################################################################################################################################################################################################################################################################################################################################################################################################################################################################################################################################################################################################################################################################################################################################################################################################################################################################################################################################################################################################################################################################################################################################] (0.4s < 0.0s) Max Fitness: -57Iterating {100.0%} [###############################################################################################################################################################################################################################################################################################################################################################################################################################################################################################################################################################################################################################################################################################################################################################################################################################################################################################################################################################################################################################################################################################################################################################################] (0.4s < 0.0s) Max Fitness: -57Check on dummy case with n = 3:
pass
Iterating {  7.5%} [#####################################################################################^..........................................................................................................................................................................................................................................................................................................................................................................................................................................................................................................................................................................................................................................................................................................................................................................................................................................................................................................................................................................................................................................................................................] (0.2s < 1.9s) Max Fitness: -7Iterating { 15.0%} [##########################################################################################################################################################################$......................................................................................................................................................................................................................................................................................................................................................................................................................................................................................................................................................................................................................................................................................................................................................................................................................................................................................................................................................................................................] (0.3s < 1.7s) Max Fitness: 0Iterating { 22.6%} [#################################################################################################################################################################################################################################################################^...............................................................................................................................................................................................................................................................................................................................................................................................................................................................................................................................................................................................................................................................................................................................................................................................................................................................................................................] (0.5s < 1.5s) Max Fitness: 0Iterating { 30.1%} [######################################################################################################################################################################################################################################################################################################################################################%..........................................................................................................................................................................................................................................................................................................................................................................................................................................................................................................................................................................................................................................................................................................................................................................................................................] (0.6s < 1.4s) Max Fitness: 0Iterating { 37.6%} [############################################################################################################################################################################################################################################################################################################################################################################################################################################@....................................................................................................................................................................................................................................................................................................................................................................................................................................................................................................................................................................................................................................................................................................................................] (0.8s < 1.2s) Max Fitness: 0Iterating { 45.2%} [##################################################################################################################################################################################################################################################################################################################################################################################################################################################################################################################################!..............................................................................................................................................................................................................................................................................................................................................................................................................................................................................................................................................................................................................................................] (0.9s < 1.1s) Max Fitness: 0Iterating { 52.8%} [########################################################################################################################################################################################################################################################################################################################################################################################################################################################################################################################################################################################################################@........................................................................................................................................................................................................................................................................................................................................................................................................................................................................................................................................................] (1.1s < 0.9s) Max Fitness: 0Iterating { 60.3%} [##############################################################################################################################################################################################################################################################################################################################################################################################################################################################################################################################################################################################################################################################################################################@..................................................................................................................................................................................................................................................................................................................................................................................................................................................................] (1.2s < 0.8s) Max Fitness: 0Iterating { 67.9%} [####################################################################################################################################################################################################################################################################################################################################################################################################################################################################################################################################################################################################################################################################################################################################################################################################@............................................................................................................................................................................................................................................................................................................................................................................] (1.4s < 0.6s) Max Fitness: 0Iterating { 75.4%} [##########################################################################################################################################################################################################################################################################################################################################################################################################################################################################################################################################################################################################################################################################################################################################################################################################################################################################################!......................................................................................................................................................................................................................................................................................] (1.5s < 0.5s) Max Fitness: 0Iterating { 83.0%} [###############################################################################################################################################################################################################################################################################################################################################################################################################################################################################################################################################################################################################################################################################################################################################################################################################################################################################################################################################################################~.................................................................................................................................................................................................] (1.7s < 0.3s) Max Fitness: 0Iterating { 90.5%} [#####################################################################################################################################################################################################################################################################################################################################################################################################################################################################################################################################################################################################################################################################################################################################################################################################################################################################################################################################################################################################################################################################~...........................................................................................................] (1.8s < 0.2s) Max Fitness: 0Iterating { 98.1%} [###########################################################################################################################################################################################################################################################################################################################################################################################################################################################################################################################################################################################################################################################################################################################################################################################################################################################################################################################################################################################################################################################################################################################################################~.....................] (2.0s < 0.0s) Max Fitness: 0Iterating {100.0%} [#################################################################################################################################################################################################################################################################################################################################################################################################################################################################################################################################################################################################################################################################################################################################################################################################################################################################################################################################################################################################################################################################################################################################################################################] (2.0s < 0.0s) Max Fitness: 0Iterating {100.0%} [#################################################################################################################################################################################################################################################################################################################################################################################################################################################################################################################################################################################################################################################################################################################################################################################################################################################################################################################################################################################################################################################################################################################################################################################] (2.0s < 0.0s) Max Fitness: 0Check for dummy case with n = 10:
pass
Iterating { 11.1%} [##############################################################################################################################%............................................................................................................................................................................................................................................................................................................................................................................................................................................................................................................................................................................................................................................................................................................................................................................................................................................................................................................................................................................................................................................] (0.2s < 1.2s) Max Fitness: 155.634Iterating { 21.7%} [#####################################################################################################################################################################################################################################################@.....................................................................................................................................................................................................................................................................................................................................................................................................................................................................................................................................................................................................................................................................................................................................................................................................................................................................................................................] (0.3s < 1.1s) Max Fitness: 167.379Iterating { 31.9%} [#########################################################################################################################################################################################################################################################################################################################################################################^.................................................................................................................................................................................................................................................................................................................................................................................................................................................................................................................................................................................................................................................................................................................................................................................................] (0.5s < 1.0s) Max Fitness: 167.379Iterating { 42.0%} [###########################################################################################################################################################################################################################################################################################################################################################################################################################################################################################*...............................................................................................................................................................................................................................................................................................................................................................................................................................................................................................................................................................................................................................................................................] (0.6s < 0.8s) Max Fitness: 167.379Iterating { 52.5%} [##################################################################################################################################################################################################################################################################################################################################################################################################################################################################################################################################################################################################################%........................................................................................................................................................................................................................................................................................................................................................................................................................................................................................................................................................] (0.8s < 0.7s) Max Fitness: 167.379Iterating { 62.6%} [####################################################################################################################################################################################################################################################################################################################################################################################################################################################################################################################################################################################################################################################################################################################################&......................................................................................................................................................................................................................................................................................................................................................................................................................................] (0.9s < 0.5s) Max Fitness: 167.379Iterating { 72.8%} [#######################################################################################################################################################################################################################################################################################################################################################################################################################################################################################################################################################################################################################################################################################################################################################################################################################################################~...................................................................................................................................................................................................................................................................................................................] (1.1s < 0.4s) Max Fitness: 167.379Iterating { 83.1%} [############################################################################################################################################################################################################################################################################################################################################################################################################################################################################################################################################################################################################################################################################################################################################################################################################################################################################################################################################################################%..............................................................................................................................................................................................] (1.2s < 0.2s) Max Fitness: 167.379Iterating { 93.8%} [#####################################################################################################################################################################################################################################################################################################################################################################################################################################################################################################################################################################################################################################################################################################################################################################################################################################################################################################################################################################################################################################################################################################$.....................................................................] (1.4s < 0.1s) Max Fitness: 167.379Iterating {100.0%} [###########################################################################################################################################################################################################################################################################################################################################################################################################################################################################################################################################################################################################################################################################################################################################################################################################################################################################################################################################################################################################################################################################################################################################################################] (1.4s < 0.0s) Max Fitness: 167.379Iterating {100.0%} [###########################################################################################################################################################################################################################################################################################################################################################################################################################################################################################################################################################################################################################################################################################################################################################################################################################################################################################################################################################################################################################################################################################################################################################################] (1.4s < 0.0s) Max Fitness: 167.379Check for real case performance:
pass
Iterating { 13.7%} [###########################################################################################################################################################$...............................................................................................................................................................................................................................................................................................................................................................................................................................................................................................................................................................................................................................................................................................................................................................................................................................................................................................................................................................................................................] (0.2s < 1.0s) Max Fitness: 162.125Iterating { 26.5%} [############################################################################################################################################################################################################################################################################################################^..............................................................................................................................................................................................................................................................................................................................................................................................................................................................................................................................................................................................................................................................................................................................................................................................................................................................] (0.3s < 0.8s) Max Fitness: 162.125Iterating { 39.3%} [############################################################################################################################################################################################################################################################################################################################################################################################################################################################*..............................................................................................................................................................................................................................................................................................................................................................................................................................................................................................................................................................................................................................................................................................................] (0.5s < 0.7s) Max Fitness: 162.125Iterating { 51.9%} [###########################################################################################################################################################################################################################################################################################################################################################################################################################################################################################################################################################################################################*...............................................................................................................................................................................................................................................................................................................................................................................................................................................................................................................................................................] (0.6s < 0.6s) Max Fitness: 162.125Iterating { 64.4%} [########################################################################################################################################################################################################################################################################################################################################################################################################################################################################################################################################################################################################################################################################################################################################################&..................................................................................................................................................................................................................................................................................................................................................................................................................] (0.8s < 0.4s) Max Fitness: 162.125Iterating { 77.4%} [###########################################################################################################################################################################################################################################################################################################################################################################################################################################################################################################################################################################################################################################################################################################################################################################################################################################################################################################!...............................................................................................................................................................................................................................................................] (0.9s < 0.3s) Max Fitness: 162.125Iterating { 90.1%} [###########################################################################################################################################################################################################################################################################################################################################################################################################################################################################################################################################################################################################################################################################################################################################################################################################################################################################################################################################################################################################################################################@...............................................................................................................] (1.1s < 0.1s) Max Fitness: 162.125Iterating {100.0%} [###########################################################################################################################################################################################################################################################################################################################################################################################################################################################################################################################################################################################################################################################################################################################################################################################################################################################################################################################################################################################################################################################################################################################################################################] (1.2s < 0.0s) Max Fitness: 162.125Iterating {100.0%} [###########################################################################################################################################################################################################################################################################################################################################################################################################################################################################################################################################################################################################################################################################################################################################################################################################################################################################################################################################################################################################################################################################################################################################################################] (1.2s < 0.0s) Max Fitness: 162.125Check for real case validation:
pass
All generic algorithm tests passed!
All ga tests passed!
<end of output>
Test time =   5.15 sec
----------------------------------------------------------
Test Passed.
"test_genetic_algorithm" end time: May 24 15:53 BST
"test_genetic_algorithm" time elapsed: 00:00:05
----------------------------------------------------------

3/4 Testing: test_validity_checker
3/4 Test: test_validity_checker
Command: "/Users/mscai/Desktop/acs-gerardium-rush-pentlandite/build/tests/bin/test_validity_checker"
Directory: /Users/mscai/Desktop/acs-gerardium-rush-pentlandite/build/tests
"test_validity_checker" start time: May 24 15:53 BST
Output:
----------------------------------------------------------
Check on valid case: pass
 
Check case when incorrect vector size: pass
 
Check case when self-recycling: pass
 
Check when negative feed ID: pass
 
Check when feed ID is concentrate/tailing: pass
 
Check when destinations are greater than units.size() + 1: pass
 
Check when circuit vector is not in correct format: pass
 
Check when conc and tail as the destination: pass
 
Check when one vector in circuit: pass
 
Check when no connection to tailing/concentrate:
pass
pass
 
pass
 
All tests passed!
<end of output>
Test time =   0.13 sec
----------------------------------------------------------
Test Passed.
"test_validity_checker" end time: May 24 15:53 BST
"test_validity_checker" time elapsed: 00:00:00
----------------------------------------------------------

4/4 Testing: executable
4/4 Test: executable
Command: "/Users/mscai/Desktop/acs-gerardium-rush-pentlandite/build/bin/Circuit_Optimizer"
Directory: /Users/mscai/Desktop/acs-gerardium-rush-pentlandite/build/tests
"executable" start time: May 24 15:53 BST
Output:
----------------------------------------------------------
Iterating {  1.3%} [#######^..........................................................................................................................................................................................................................................................................................................................................................................................................................................................................................................................] (0.2s < 11.9s) Max Fitness: 247.441Iterating {  3.1%} [################^..................................................................................................................................................................................................................................................................................................................................................................................................................................................................................................................] (0.3s < 9.7s) Max Fitness: 351.357Iterating {  4.6%} [########################@...........................................................................................................................................................................................................................................................................................................................................................................................................................................................................................................] (0.5s < 9.7s) Max Fitness: 396.91Iterating {  6.2%} [################################~..................................................................................................................................................................................................................................................................................................................................................................................................................................................................................................] (0.6s < 9.4s) Max Fitness: 430.189Iterating {  8.0%} [#########################################~..........................................................................................................................................................................................................................................................................................................................................................................................................................................................................................] (0.8s < 8.9s) Max Fitness: 437.72Iterating {  9.8%} [###################################################~................................................................................................................................................................................................................................................................................................................................................................................................................................................................................] (0.9s < 8.6s) Max Fitness: 437.72Iterating { 11.6%} [############################################################~.......................................................................................................................................................................................................................................................................................................................................................................................................................................................................] (1.1s < 8.3s) Max Fitness: 437.72Iterating { 13.4%} [#####################################################################~..............................................................................................................................................................................................................................................................................................................................................................................................................................................................] (1.2s < 8.0s) Max Fitness: 437.72Iterating { 15.2%} [##############################################################################~.....................................................................................................................................................................................................................................................................................................................................................................................................................................................] (1.4s < 7.8s) Max Fitness: 437.72Iterating { 16.9%} [#######################################################################################+............................................................................................................................................................................................................................................................................................................................................................................................................................................] (1.5s < 7.6s) Max Fitness: 437.72Iterating { 18.6%} [################################################################################################*...................................................................................................................................................................................................................................................................................................................................................................................................................................] (1.7s < 7.4s) Max Fitness: 437.72Iterating { 20.3%} [#########################################################################################################&..........................................................................................................................................................................................................................................................................................................................................................................................................................] (1.8s < 7.3s) Max Fitness: 437.72Iterating { 22.1%} [##################################################################################################################&.................................................................................................................................................................................................................................................................................................................................................................................................................] (2.0s < 7.1s) Max Fitness: 437.72Iterating { 23.9%} [###########################################################################################################################&........................................................................................................................................................................................................................................................................................................................................................................................................] (2.2s < 6.9s) Max Fitness: 437.72Iterating { 25.7%} [#####################################################################################################################################&..............................................................................................................................................................................................................................................................................................................................................................................................] (2.3s < 6.7s) Max Fitness: 437.72Iterating { 27.5%} [##############################################################################################################################################&.....................................................................................................................................................................................................................................................................................................................................................................................] (2.5s < 6.5s) Max Fitness: 437.72Iterating { 29.3%} [#######################################################################################################################################################&............................................................................................................................................................................................................................................................................................................................................................................] (2.6s < 6.4s) Max Fitness: 437.72Iterating { 31.1%} [################################################################################################################################################################&...................................................................................................................................................................................................................................................................................................................................................................] (2.8s < 6.2s) Max Fitness: 437.72Iterating { 32.8%} [#########################################################################################################################################################################^..........................................................................................................................................................................................................................................................................................................................................................] (2.9s < 6.0s) Max Fitness: 437.72Iterating { 34.6%} [###################################################################################################################################################################################^................................................................................................................................................................................................................................................................................................................................................] (3.1s < 5.8s) Max Fitness: 437.72Iterating { 36.4%} [############################################################################################################################################################################################^.......................................................................................................................................................................................................................................................................................................................................] (3.2s < 5.7s) Max Fitness: 437.72Iterating { 38.1%} [#####################################################################################################################################################################################################%..............................................................................................................................................................................................................................................................................................................................] (3.4s < 5.5s) Max Fitness: 437.72Iterating { 39.9%} [##############################################################################################################################################################################################################%.....................................................................................................................................................................................................................................................................................................................] (3.6s < 5.4s) Max Fitness: 437.72Iterating { 41.5%} [######################################################################################################################################################################################################################@.............................................................................................................................................................................................................................................................................................................] (3.7s < 5.2s) Max Fitness: 437.72Iterating { 42.9%} [#############################################################################################################################################################################################################################*......................................................................................................................................................................................................................................................................................................] (3.9s < 5.1s) Max Fitness: 437.72Iterating { 44.7%} [#######################################################################################################################################################################################################################################*............................................................................................................................................................................................................................................................................................] (4.0s < 5.0s) Max Fitness: 437.72Iterating { 46.3%} [###############################################################################################################################################################################################################################################^....................................................................................................................................................................................................................................................................................] (4.2s < 4.9s) Max Fitness: 437.72Iterating { 48.1%} [########################################################################################################################################################################################################################################################^...........................................................................................................................................................................................................................................................................] (4.3s < 4.7s) Max Fitness: 437.72Iterating { 49.8%} [#################################################################################################################################################################################################################################################################%..................................................................................................................................................................................................................................................................] (4.5s < 4.5s) Max Fitness: 437.72Iterating { 51.5%} [##########################################################################################################################################################################################################################################################################$.........................................................................................................................................................................................................................................................] (4.6s < 4.4s) Max Fitness: 437.72Iterating { 53.1%} [##################################################################################################################################################################################################################################################################################!.................................................................................................................................................................................................................................................] (4.8s < 4.2s) Max Fitness: 437.72Iterating { 54.8%} [###########################################################################################################################################################################################################################################################################################~........................................................................................................................................................................................................................................] (5.0s < 4.1s) Max Fitness: 437.72Iterating { 56.5%} [####################################################################################################################################################################################################################################################################################################+...............................................................................................................................................................................................................................] (5.1s < 3.9s) Max Fitness: 437.72Iterating { 58.2%} [############################################################################################################################################################################################################################################################################################################*.......................................................................................................................................................................................................................] (5.3s < 3.8s) Max Fitness: 437.72Iterating { 60.0%} [######################################################################################################################################################################################################################################################################################################################*.............................................................................................................................................................................................................] (5.4s < 3.6s) Max Fitness: 437.72Iterating { 61.8%} [###############################################################################################################################################################################################################################################################################################################################*....................................................................................................................................................................................................] (5.6s < 3.4s) Max Fitness: 437.72Iterating { 63.5%} [########################################################################################################################################################################################################################################################################################################################################&...........................................................................................................................................................................................] (5.7s < 3.3s) Max Fitness: 437.72Iterating { 65.2%} [################################################################################################################################################################################################################################################################################################################################################^...................................................................................................................................................................................] (5.9s < 3.1s) Max Fitness: 437.72Iterating { 66.5%} [#######################################################################################################################################################################################################################################################################################################################################################~............................................................................................................................................................................] (6.1s < 3.1s) Max Fitness: 437.72Iterating { 67.7%} [#############################################################################################################################################################################################################################################################################################################################################################$......................................................................................................................................................................] (6.2s < 3.0s) Max Fitness: 437.72Iterating { 69.5%} [#######################################################################################################################################################################################################################################################################################################################################################################$............................................................................................................................................................] (6.4s < 2.8s) Max Fitness: 437.72Iterating { 71.2%} [###############################################################################################################################################################################################################################################################################################################################################################################@....................................................................................................................................................] (6.5s < 2.6s) Max Fitness: 437.72Iterating { 73.0%} [#########################################################################################################################################################################################################################################################################################################################################################################################@..........................................................................................................................................] (6.7s < 2.5s) Max Fitness: 437.72Iterating { 74.8%} [##################################################################################################################################################################################################################################################################################################################################################################################################@.................................................................................................................................] (6.9s < 2.3s) Max Fitness: 437.72Iterating { 76.5%} [###########################################################################################################################################################################################################################################################################################################################################################################################################!........................................................................................................................] (7.0s < 2.2s) Max Fitness: 437.72Iterating { 78.3%} [####################################################################################################################################################################################################################################################################################################################################################################################################################!...............................................................................................................] (7.2s < 2.0s) Max Fitness: 437.72Iterating { 80.1%} [#############################################################################################################################################################################################################################################################################################################################################################################################################################!......................................................................................................] (7.3s < 1.8s) Max Fitness: 437.72Iterating { 81.9%} [#######################################################################################################################################################################################################################################################################################################################################################################################################################################!............................................................................................] (7.5s < 1.7s) Max Fitness: 437.72Iterating { 83.6%} [###############################################################################################################################################################################################################################################################################################################################################################################################################################################~....................................................................................] (7.6s < 1.5s) Max Fitness: 437.72Iterating { 85.4%} [#########################################################################################################################################################################################################################################################################################################################################################################################################################################################~..........................................................................] (7.8s < 1.3s) Max Fitness: 437.72Iterating { 87.2%} [##################################################################################################################################################################################################################################################################################################################################################################################################################################################################~.................................................................] (7.9s < 1.2s) Max Fitness: 437.72Iterating { 88.9%} [###########################################################################################################################################################################################################################################################################################################################################################################################################################################################################+........................................................] (8.1s < 1.0s) Max Fitness: 437.72Iterating { 90.6%} [###################################################################################################################################################################################################################################################################################################################################################################################################################################################################################*................................................] (8.2s < 0.9s) Max Fitness: 437.72Iterating { 92.4%} [#############################################################################################################################################################################################################################################################################################################################################################################################################################################################################################*......................................] (8.4s < 0.7s) Max Fitness: 437.72Iterating { 94.1%} [######################################################################################################################################################################################################################################################################################################################################################################################################################################################################################################&.............................] (8.6s < 0.5s) Max Fitness: 437.72Iterating { 95.9%} [###############################################################################################################################################################################################################################################################################################################################################################################################################################################################################################################&....................] (8.7s < 0.4s) Max Fitness: 437.72Iterating { 97.7%} [########################################################################################################################################################################################################################################################################################################################################################################################################################################################################################################################&...........] (8.9s < 0.2s) Max Fitness: 437.72Iterating { 99.4%} [#################################################################################################################################################################################################################################################################################################################################################################################################################################################################################################################################^..] (9.0s < 0.1s) Max Fitness: 437.72Iterating {100.0%} [####################################################################################################################################################################################################################################################################################################################################################################################################################################################################################################################################] (9.1s < 0.0s) Max Fitness: 437.72Iterating {100.0%} [####################################################################################################################################################################################################################################################################################################################################################################################################################################################################################################################################] (9.1s < 0.0s) Max Fitness: 437.72
>>> Optimization completed...
Elapsed time: 9.16255 seconds
Performance: 437.72
Recovery: 0.471582
Grade: 0.990517
Final Circuit Configuration: 2 5 3 2 4 0 8 4 0 6 5 4 0 5 5 3 10 4 4 4 0 1 4 0 9 4 0 7 4 2 11 
<end of output>
Test time =   9.31 sec
----------------------------------------------------------
Test Passed.
"executable" end time: May 24 15:53 BST
"executable" time elapsed: 00:00:09
----------------------------------------------------------

End testing: May 24 15:53 BST
